<?xml version="1.0" encoding="UTF-8"?>
<testsuite xmlns:xsi="http://www.w3.org/2001/XMLSchema-instance" xsi:noNamespaceSchemaLocation="https://maven.apache.org/surefire/maven-surefire-plugin/xsd/surefire-test-report-3.0.xsd" version="3.0" name="unioeste.teste.funcionalidades.Teste04_BuscaPorId" time="0.203" tests="4" errors="0" skipped="0" failures="0">
  <properties>
[...]
</properties>
  <testcase name="buscarTodosEnderecosGerados" classname="unioeste.teste.funcionalidades.Teste04_BuscaPorId" time="0.135">
    <system-out><![CDATA[>>> [Teste 04.1] Validando busca de 10 endereços...
   + Sucesso: Todos os endereços recuperados com integridade.
]]></system-out>
  </testcase>
  <testcase name="buscarEnderecoIdInvalido" classname="unioeste.teste.funcionalidades.Teste04_BuscaPorId" time="0.015"/>
  <testcase name="buscarEnderecoIdNegativo" classname="unioeste.teste.funcionalidades.Teste04_BuscaPorId" time="0.009"/>
  <testcase name="buscarCidadesGeradas" classname="unioeste.teste.funcionalidades.Teste04_BuscaPorId" time="0.04">
    <system-out><![CDATA[>>> [Teste 04.4] Validando busca de Cidades...
]]></system-out>
  </testcase>
</testsuite>